==10542== Memcheck, a memory error detector
==10542== Copyright (C) 2002-2012, and GNU GPL'd, by Julian Seward et al.
==10542== Using Valgrind-3.8.1 and LibVEX; rerun with -h for copyright info
==10542== Command: ./proj3 usa.txt usa100.txt
==10542== Parent PID: 13957
==10542== 
--10542-- 
--10542-- Valgrind options:
--10542--    --tool=memcheck
--10542--    --leak-check=full
--10542--    --verbose
--10542--    --log-file=memcheck.log
--10542-- Contents of /proc/version:
--10542--   Linux version 2.6.32-573.8.1.el6.x86_64 (mockbuild@x86-033.build.eng.bos.redhat.com) (gcc version 4.4.7 20120313 (Red Hat 4.4.7-16) (GCC) ) #1 SMP Fri Sep 25 19:24:22 EDT 2015
--10542-- Arch and hwcaps: AMD64, amd64-sse3-cx16-lzcnt-avx2-bmi
--10542-- Page sizes: currently 4096, max supported 4096
--10542-- Valgrind library directory: /usr/lib64/valgrind
--10542-- Reading syms from /home/shay/b/xiao81/ECE368/ece368-proj3/proj3
--10542-- Reading syms from /usr/lib64/valgrind/memcheck-amd64-linux
--10542--    object doesn't have a dynamic symbol table
--10542-- Reading syms from /lib64/ld-2.12.so
--10542--   Considering /usr/lib/debug/.build-id/04/202a4a8be624d2193e812a25589e2dd02d5b5c.debug ..
--10542--   .. build-id is valid
--10542-- Scheduler: using generic scheduler lock implementation.
--10542-- Reading suppressions file: /usr/lib64/valgrind/default.supp
==10542== embedded gdbserver: reading from /tmp/vgdb-pipe-from-vgdb-to-10542-by-xiao81-on-ecegrid-thin7.ecn.purdue.edu
==10542== embedded gdbserver: writing to   /tmp/vgdb-pipe-to-vgdb-from-10542-by-xiao81-on-ecegrid-thin7.ecn.purdue.edu
==10542== embedded gdbserver: shared mem   /tmp/vgdb-pipe-shared-mem-vgdb-10542-by-xiao81-on-ecegrid-thin7.ecn.purdue.edu
==10542== 
==10542== TO CONTROL THIS PROCESS USING vgdb (which you probably
==10542== don't want to do, unless you know exactly what you're doing,
==10542== or are doing some strange experiment):
==10542==   /usr/lib64/valgrind/../../bin/vgdb --pid=10542 ...command...
==10542== 
==10542== TO DEBUG THIS PROCESS USING GDB: start GDB like this
==10542==   /path/to/gdb ./proj3
==10542== and then give GDB the following command
==10542==   target remote | /usr/lib64/valgrind/../../bin/vgdb --pid=10542
==10542== --pid is optional if only one valgrind process is running
==10542== 
--10542-- REDIR: 0x3044217c30 (strlen) redirected to 0x38049551 (vgPlain_amd64_linux_REDIR_FOR_strlen)
--10542-- Reading syms from /usr/lib64/valgrind/vgpreload_core-amd64-linux.so
--10542-- Reading syms from /usr/lib64/valgrind/vgpreload_memcheck-amd64-linux.so
--10542-- REDIR: 0x3044217a40 (index) redirected to 0x4a07c30 (index)
--10542-- REDIR: 0x3044217ac0 (strcmp) redirected to 0x4a08570 (strcmp)
--10542-- Reading syms from /lib64/libm-2.12.so
--10542--   Considering /usr/lib/debug/.build-id/98/9fe3a42ca8cebdcc185a743896f23a0cf537ed.debug ..
--10542--   .. build-id is valid
--10542-- Reading syms from /lib64/libc-2.12.so
--10542--   Considering /usr/lib/debug/.build-id/a6/d15926e61580e250ed91f84ff7517f3970cd83.debug ..
--10542--   .. build-id is valid
--10542-- REDIR: 0x3044a84d00 (strcasecmp) redirected to 0x480155c (_vgnU_ifunc_wrapper)
--10542-- REDIR: 0x3044a86fc0 (strncasecmp) redirected to 0x480155c (_vgnU_ifunc_wrapper)
--10542-- REDIR: 0x3044a82c70 (__GI_strrchr) redirected to 0x4a07ab0 (__GI_strrchr)
--10542-- REDIR: 0x3044a7aac0 (malloc) redirected to 0x4a069ac (malloc)
--10542-- REDIR: 0x3044a7b920 (free) redirected to 0x4a063a9 (free)
--10542-- REDIR: 0x3044a8ab20 (strchrnul) redirected to 0x4a09fb0 (strchrnul)
==10542== 
==10542== HEAP SUMMARY:
==10542==     in use at exit: 181,859,168 bytes in 9,089,400 blocks
==10542==   total heap usage: 9,089,402 allocs, 2 frees, 181,860,304 bytes allocated
==10542== 
==10542== Searching for pointers to 9,089,400 not-freed blocks
==10542== Checked 2,139,176 bytes
==10542== 
==10542== 1,600 (800 direct, 800 indirect) bytes in 1 blocks are definitely lost in loss record 3 of 16
==10542==    at 0x4A06A2E: malloc (vg_replace_malloc.c:270)
==10542==    by 0x400DE4: load_query (in /home/shay/b/xiao81/ECE368/ece368-proj3/proj3)
==10542==    by 0x400846: main (in /home/shay/b/xiao81/ECE368/ece368-proj3/proj3)
==10542== 
==10542== 669,352 bytes in 83,669 blocks are possibly lost in loss record 4 of 16
==10542==    at 0x4A06A2E: malloc (vg_replace_malloc.c:270)
==10542==    by 0x4009A9: create_Mnode (in /home/shay/b/xiao81/ECE368/ece368-proj3/proj3)
==10542==    by 0x401489: construct_minheap (in /home/shay/b/xiao81/ECE368/ece368-proj3/proj3)
==10542==    by 0x4017C9: dijkstra (in /home/shay/b/xiao81/ECE368/ece368-proj3/proj3)
==10542==    by 0x4008A3: main (in /home/shay/b/xiao81/ECE368/ece368-proj3/proj3)
==10542== 
==10542== 700,600 bytes in 1 blocks are possibly lost in loss record 5 of 16
==10542==    at 0x4A06A2E: malloc (vg_replace_malloc.c:270)
==10542==    by 0x40119A: init_minheap (in /home/shay/b/xiao81/ECE368/ece368-proj3/proj3)
==10542==    by 0x401457: construct_minheap (in /home/shay/b/xiao81/ECE368/ece368-proj3/proj3)
==10542==    by 0x4017C9: dijkstra (in /home/shay/b/xiao81/ECE368/ece368-proj3/proj3)
==10542==    by 0x4008A3: main (in /home/shay/b/xiao81/ECE368/ece368-proj3/proj3)
==10542== 
==10542== 700,600 bytes in 2 blocks are possibly lost in loss record 6 of 16
==10542==    at 0x4A06A2E: malloc (vg_replace_malloc.c:270)
==10542==    by 0x4011B6: init_minheap (in /home/shay/b/xiao81/ECE368/ece368-proj3/proj3)
==10542==    by 0x401457: construct_minheap (in /home/shay/b/xiao81/ECE368/ece368-proj3/proj3)
==10542==    by 0x4017C9: dijkstra (in /home/shay/b/xiao81/ECE368/ece368-proj3/proj3)
==10542==    by 0x4008A3: main (in /home/shay/b/xiao81/ECE368/ece368-proj3/proj3)
==10542== 
==10542== 2,055,928 bytes in 256,991 blocks are definitely lost in loss record 10 of 16
==10542==    at 0x4A06A2E: malloc (vg_replace_malloc.c:270)
==10542==    by 0x4009A9: create_Mnode (in /home/shay/b/xiao81/ECE368/ece368-proj3/proj3)
==10542==    by 0x401489: construct_minheap (in /home/shay/b/xiao81/ECE368/ece368-proj3/proj3)
==10542==    by 0x4017C9: dijkstra (in /home/shay/b/xiao81/ECE368/ece368-proj3/proj3)
==10542==    by 0x4008A3: main (in /home/shay/b/xiao81/ECE368/ece368-proj3/proj3)
==10542== 
==10542== 6,705,152 (16 direct, 6,705,136 indirect) bytes in 1 blocks are definitely lost in loss record 12 of 16
==10542==    at 0x4A06A2E: malloc (vg_replace_malloc.c:270)
==10542==    by 0x4009DB: create_Graph (in /home/shay/b/xiao81/ECE368/ece368-proj3/proj3)
==10542==    by 0x400AEB: load_File (in /home/shay/b/xiao81/ECE368/ece368-proj3/proj3)
==10542==    by 0x4007AE: main (in /home/shay/b/xiao81/ECE368/ece368-proj3/proj3)
==10542== 
==10542== 171,025,920 (2,400 direct, 171,023,520 indirect) bytes in 100 blocks are definitely lost in loss record 16 of 16
==10542==    at 0x4A06A2E: malloc (vg_replace_malloc.c:270)
==10542==    by 0x40117C: init_minheap (in /home/shay/b/xiao81/ECE368/ece368-proj3/proj3)
==10542==    by 0x401457: construct_minheap (in /home/shay/b/xiao81/ECE368/ece368-proj3/proj3)
==10542==    by 0x4017C9: dijkstra (in /home/shay/b/xiao81/ECE368/ece368-proj3/proj3)
==10542==    by 0x4008A3: main (in /home/shay/b/xiao81/ECE368/ece368-proj3/proj3)
==10542== 
==10542== LEAK SUMMARY:
==10542==    definitely lost: 2,059,144 bytes in 257,093 blocks
==10542==    indirectly lost: 177,729,456 bytes in 8,748,634 blocks
==10542==      possibly lost: 2,070,552 bytes in 83,672 blocks
==10542==    still reachable: 16 bytes in 1 blocks
==10542==         suppressed: 0 bytes in 0 blocks
==10542== Reachable blocks (those to which a pointer was found) are not shown.
==10542== To see them, rerun with: --leak-check=full --show-reachable=yes
==10542== 
==10542== ERROR SUMMARY: 7 errors from 7 contexts (suppressed: 6 from 6)
--10542-- 
--10542-- used_suppression:      4 U1004-ARM-_dl_relocate_object
--10542-- used_suppression:      2 glibc-2.5.x-on-SUSE-10.2-(PPC)-2a
==10542== 
==10542== ERROR SUMMARY: 7 errors from 7 contexts (suppressed: 6 from 6)
